"C:/Users/Cedric/Desktop/Github Files/GDINFMG_Kyce_Sedesa/Content/UI/Mail/Widget_MailBody.uasset" 0
"C:/Users/Cedric/Desktop/Github Files/GDINFMG_Kyce_Sedesa/Content/UI/Mail/Widget_MailBody.uexp" 1
"C:/Users/Cedric/Desktop/Github Files/GDINFMG_Kyce_Sedesa/Content/UI/Mail/Widget_MailClickable.uasset" 2
"C:/Users/Cedric/Desktop/Github Files/GDINFMG_Kyce_Sedesa/Content/UI/Mail/Widget_MailClickable.uexp" 3
"../../../Engine/Content/EditorBlueprintResources/StandardMacros.uasset" 4
"../../../Engine/Content/EditorBlueprintResources/StandardMacros.uexp" 5
"../../../Engine/Content/EngineFonts/Faces/RobotoRegular.uasset" 6
"../../../Engine/Content/EngineFonts/Faces/RobotoRegular.uexp" 7
"../../../Engine/Content/EngineFonts/Faces/RobotoRegular.ufont" 8
"../../../Engine/Content/EngineFonts/Faces/RobotoLight.uasset" 9
"../../../Engine/Content/EngineFonts/Faces/RobotoLight.uexp" 10
"../../../Engine/Content/EngineFonts/Faces/RobotoLight.ufont" 11
"../../../Engine/Content/EngineFonts/Faces/RobotoItalic.uasset" 12
"../../../Engine/Content/EngineFonts/Faces/RobotoItalic.uexp" 13
"../../../Engine/Content/EngineFonts/Faces/RobotoItalic.ufont" 14
"../../../Engine/Content/EngineFonts/Faces/RobotoBoldItalic.uasset" 15
"../../../Engine/Content/EngineFonts/Faces/RobotoBoldItalic.uexp" 16
"../../../Engine/Content/EngineFonts/Faces/RobotoBoldItalic.ufont" 17
"../../../Engine/Content/EngineFonts/Faces/RobotoBold.uasset" 18
"../../../Engine/Content/EngineFonts/Faces/RobotoBold.uexp" 19
"../../../Engine/Content/EngineFonts/Faces/RobotoBold.ufont" 20
"../../../Engine/Content/EngineFonts/Faces/DroidSansFallback.uasset" 21
"../../../Engine/Content/EngineFonts/Faces/DroidSansFallback.uexp" 22
"../../../Engine/Content/EngineFonts/Faces/DroidSansFallback.ufont" 23
"../../../Engine/Content/EngineFonts/Roboto.uasset" 24
"../../../Engine/Content/EngineFonts/Roboto.uexp" 25
"C:/Users/Cedric/Desktop/Github Files/GDINFMG_Kyce_Sedesa/Content/Data.uasset" 26
"C:/Users/Cedric/Desktop/Github Files/GDINFMG_Kyce_Sedesa/Content/Data.uexp" 27
"C:/Users/Cedric/Desktop/Github Files/GDINFMG_Kyce_Sedesa/Content/UI/TradingHouse/TradingHouseConfirmPurchase.uasset" 28
"C:/Users/Cedric/Desktop/Github Files/GDINFMG_Kyce_Sedesa/Content/UI/TradingHouse/TradingHouseConfirmPurchase.uexp" 29
"C:/Users/Cedric/Desktop/Github Files/GDINFMG_Kyce_Sedesa/Content/UI/TradingHouse/TradingHouseItem.uasset" 30
"C:/Users/Cedric/Desktop/Github Files/GDINFMG_Kyce_Sedesa/Content/UI/TradingHouse/TradingHouseItem.uexp" 31
"C:/Users/Cedric/Desktop/Github Files/GDINFMG_Kyce_Sedesa/Content/UI/TradingHouse/TradingHouseConfirmRegister.uasset" 32
"C:/Users/Cedric/Desktop/Github Files/GDINFMG_Kyce_Sedesa/Content/UI/TradingHouse/TradingHouseConfirmRegister.uexp" 33
"C:/Users/Cedric/Desktop/Github Files/GDINFMG_Kyce_Sedesa/Content/UI/TradingHouse/TradingHouseInventoryItem.uasset" 34
"C:/Users/Cedric/Desktop/Github Files/GDINFMG_Kyce_Sedesa/Content/UI/TradingHouse/TradingHouseInventoryItem.uexp" 35
"C:/Users/Cedric/Desktop/Github Files/GDINFMG_Kyce_Sedesa/Content/UI/Retrieve/RetrieveItem_Item.uasset" 36
"C:/Users/Cedric/Desktop/Github Files/GDINFMG_Kyce_Sedesa/Content/UI/Retrieve/RetrieveItem_Item.uexp" 37
"C:/Users/Cedric/Desktop/Github Files/GDINFMG_Kyce_Sedesa/Content/UI/TradingHouse/TradingHouseMain.uasset" 38
"C:/Users/Cedric/Desktop/Github Files/GDINFMG_Kyce_Sedesa/Content/UI/TradingHouse/TradingHouseMain.uexp" 39
"C:/Users/Cedric/Desktop/Github Files/GDINFMG_Kyce_Sedesa/Content/UI/Inv/AddItemToInventory.uasset" 40
"C:/Users/Cedric/Desktop/Github Files/GDINFMG_Kyce_Sedesa/Content/UI/Inv/AddItemToInventory.uexp" 41
"C:/Users/Cedric/Desktop/Github Files/GDINFMG_Kyce_Sedesa/Content/UI/Inv/Inventory_Item.uasset" 42
"C:/Users/Cedric/Desktop/Github Files/GDINFMG_Kyce_Sedesa/Content/UI/Inv/Inventory_Item.uexp" 43
"C:/Users/Cedric/Desktop/Github Files/GDINFMG_Kyce_Sedesa/Content/UI/Inv/Inventory.uasset" 44
"C:/Users/Cedric/Desktop/Github Files/GDINFMG_Kyce_Sedesa/Content/UI/Inv/Inventory.uexp" 45
"C:/Users/Cedric/Desktop/Github Files/GDINFMG_Kyce_Sedesa/Content/UI/DragonNestLogo.uasset" 46
"C:/Users/Cedric/Desktop/Github Files/GDINFMG_Kyce_Sedesa/Content/UI/DragonNestLogo.uexp" 47
"C:/Users/Cedric/Desktop/Github Files/GDINFMG_Kyce_Sedesa/Content/UI/dn.uasset" 48
"C:/Users/Cedric/Desktop/Github Files/GDINFMG_Kyce_Sedesa/Content/UI/dn.uexp" 49
"C:/Users/Cedric/Desktop/Github Files/GDINFMG_Kyce_Sedesa/Content/UI/AdminAccess.uasset" 50
"C:/Users/Cedric/Desktop/Github Files/GDINFMG_Kyce_Sedesa/Content/UI/AdminAccess.uexp" 51
"C:/Users/Cedric/Desktop/Github Files/GDINFMG_Kyce_Sedesa/Content/UI/PlayerSelection/PlayerSelectionPlayer.uasset" 52
"C:/Users/Cedric/Desktop/Github Files/GDINFMG_Kyce_Sedesa/Content/UI/PlayerSelection/PlayerSelectionPlayer.uexp" 53
"C:/Users/Cedric/Desktop/Github Files/GDINFMG_Kyce_Sedesa/Content/UI/PlayerSelection/PlayerSelectionMain.uasset" 54
"C:/Users/Cedric/Desktop/Github Files/GDINFMG_Kyce_Sedesa/Content/UI/PlayerSelection/PlayerSelectionMain.uexp" 55
"C:/Users/Cedric/Desktop/Github Files/GDINFMG_Kyce_Sedesa/Content/UI/Main.uasset" 56
"C:/Users/Cedric/Desktop/Github Files/GDINFMG_Kyce_Sedesa/Content/UI/Main.uexp" 57
"C:/Users/Cedric/Desktop/Github Files/GDINFMG_Kyce_Sedesa/Content/UI/Mail/Widget_MailMain.uasset" 58
"C:/Users/Cedric/Desktop/Github Files/GDINFMG_Kyce_Sedesa/Content/UI/Mail/Widget_MailMain.uexp" 59
"C:/Users/Cedric/Desktop/Github Files/GDINFMG_Kyce_Sedesa/Content/UI/CreateItem.uasset" 60
"C:/Users/Cedric/Desktop/Github Files/GDINFMG_Kyce_Sedesa/Content/UI/CreateItem.uexp" 61
"C:/Users/Cedric/Desktop/Github Files/GDINFMG_Kyce_Sedesa/Content/UI/RegularAccess.uasset" 62
"C:/Users/Cedric/Desktop/Github Files/GDINFMG_Kyce_Sedesa/Content/UI/RegularAccess.uexp" 63
"C:/Users/Cedric/Desktop/Github Files/GDINFMG_Kyce_Sedesa/Content/UI/Retrieve/RetrieveItem.uasset" 64
"C:/Users/Cedric/Desktop/Github Files/GDINFMG_Kyce_Sedesa/Content/UI/Retrieve/RetrieveItem.uexp" 65
"C:/Users/Cedric/Desktop/Github Files/GDINFMG_Kyce_Sedesa/Content/UI/StatsDisplay.uasset" 66
"C:/Users/Cedric/Desktop/Github Files/GDINFMG_Kyce_Sedesa/Content/UI/StatsDisplay.uexp" 67
"../../../Engine/Content/EngineMaterials/T_Default_Material_Grid_N.uasset" 68
"../../../Engine/Content/EngineMaterials/T_Default_Material_Grid_N.uexp" 69
"../../../Engine/Content/EngineMaterials/T_Default_Material_Grid_N.ubulk" 70
"../../../Engine/Content/EngineMaterials/T_Default_Material_Grid_M.uasset" 71
"../../../Engine/Content/EngineMaterials/T_Default_Material_Grid_M.uexp" 72
"../../../Engine/Content/EngineMaterials/T_Default_Material_Grid_M.ubulk" 73
"../../../Engine/Content/Functions/Engine_MaterialFunctions01/Opacity/CameraDepthFade.uasset" 74
"../../../Engine/Content/Functions/Engine_MaterialFunctions01/Opacity/CameraDepthFade.uexp" 75
"../../../Engine/Content/EngineMaterials/WorldGridMaterial.uasset" 76
"../../../Engine/Content/EngineMaterials/WorldGridMaterial.uexp" 77
"../../../Engine/Content/ArtTools/RenderToTexture/Meshes/S_1_Unit_Plane.uasset" 78
"../../../Engine/Content/ArtTools/RenderToTexture/Meshes/S_1_Unit_Plane.uexp" 79
"../../../Engine/Content/EngineMaterials/DefaultMaterial.uasset" 80
"../../../Engine/Content/EngineMaterials/DefaultMaterial.uexp" 81
"../../../Engine/Content/BasicShapes/Cone.uasset" 82
"../../../Engine/Content/BasicShapes/Cone.uexp" 83
"../../../Engine/Content/BasicShapes/Cube.uasset" 84
"../../../Engine/Content/BasicShapes/Cube.uexp" 85
"../../../Engine/Content/BasicShapes/Plane.uasset" 86
"../../../Engine/Content/BasicShapes/Plane.uexp" 87
"../../../Engine/Content/BasicShapes/Sphere.uasset" 88
"../../../Engine/Content/BasicShapes/Sphere.uexp" 89
"../../../Engine/Content/EditorLandscapeResources/DataLayer.uasset" 90
"../../../Engine/Content/EditorLandscapeResources/DataLayer.uexp" 91
"../../../Engine/Content/EditorLandscapeResources/DefaultAlphaTexture.uasset" 92
"../../../Engine/Content/EditorLandscapeResources/DefaultAlphaTexture.uexp" 93
"../../../Engine/Content/EditorMaterials/MAT_Groups_Toggle.uasset" 94
"../../../Engine/Content/EditorMaterials/MAT_Groups_Toggle.uexp" 95
"../../../Engine/Content/EditorMaterials/MAT_Groups_Visibility.uasset" 96
"../../../Engine/Content/EditorMaterials/MAT_Groups_Visibility.uexp" 97
"../../../Engine/Content/EditorMaterials/PreviewShadowIndicator.uasset" 98
"../../../Engine/Content/EditorMaterials/PreviewShadowIndicator.uexp" 99
"../../../Engine/Content/EditorMaterials/PreviewShadowIndicator.ubulk" 100
"../../../Engine/Content/EditorMaterials/PreviewShadowIndicatorMaterial.uasset" 101
"../../../Engine/Content/EditorMaterials/PreviewShadowIndicatorMaterial.uexp" 102
"../../../Engine/Content/EditorMaterials/MatineeGroups/MAT_ColorTrack.uasset" 103
"../../../Engine/Content/EditorMaterials/MatineeGroups/MAT_ColorTrack.uexp" 104
"../../../Engine/Content/EditorMaterials/MatineeGroups/MAT_Groups_Anim.uasset" 105
"../../../Engine/Content/EditorMaterials/MatineeGroups/MAT_Groups_Anim.uexp" 106
"../../../Engine/Content/EditorMaterials/MatineeGroups/MAT_Groups_AudioMaster.uasset" 107
"../../../Engine/Content/EditorMaterials/MatineeGroups/MAT_Groups_AudioMaster.uexp" 108
"../../../Engine/Content/EditorMaterials/MatineeGroups/MAT_Groups_Director.uasset" 109
"../../../Engine/Content/EditorMaterials/MatineeGroups/MAT_Groups_Director.uexp" 110
"../../../Engine/Content/EditorMaterials/MatineeGroups/MAT_Groups_Event.uasset" 111
"../../../Engine/Content/EditorMaterials/MatineeGroups/MAT_Groups_Event.uexp" 112
"../../../Engine/Content/EditorMaterials/MatineeGroups/MAT_Groups_Fade.uasset" 113
"../../../Engine/Content/EditorMaterials/MatineeGroups/MAT_Groups_Fade.uexp" 114
"../../../Engine/Content/EditorMaterials/MatineeGroups/MAT_Groups_Float.uasset" 115
"../../../Engine/Content/EditorMaterials/MatineeGroups/MAT_Groups_Float.uexp" 116
"../../../Engine/Content/EditorMaterials/MatineeGroups/MAT_Groups_Move.uasset" 117
"../../../Engine/Content/EditorMaterials/MatineeGroups/MAT_Groups_Move.uexp" 118
"../../../Engine/Content/EditorMaterials/MatineeGroups/MAT_Groups_Slomo.uasset" 119
"../../../Engine/Content/EditorMaterials/MatineeGroups/MAT_Groups_Slomo.uexp" 120
"../../../Engine/Content/EditorMaterials/MatineeGroups/MAT_Groups_Sound.uasset" 121
"../../../Engine/Content/EditorMaterials/MatineeGroups/MAT_Groups_Sound.uexp" 122
"../../../Engine/Content/EditorMaterials/MatineeGroups/MAT_Groups_Vector.uasset" 123
"../../../Engine/Content/EditorMaterials/MatineeGroups/MAT_Groups_Vector.uexp" 124
"../../../Engine/Content/EditorMaterials/ParticleSystems/PSysThumbnail_NoImage.uasset" 125
"../../../Engine/Content/EditorMaterials/ParticleSystems/PSysThumbnail_NoImage.uexp" 126
"../../../Engine/Content/EditorMaterials/ParticleSystems/PSysThumbnail_NoImage.ubulk" 127
"../../../Engine/Content/EditorMaterials/ParticleSystems/PSysThumbnail_OOD.uasset" 128
"../../../Engine/Content/EditorMaterials/ParticleSystems/PSysThumbnail_OOD.uexp" 129
"../../../Engine/Content/EditorMaterials/ParticleSystems/PSysThumbnail_OOD.ubulk" 130
"../../../Engine/Content/EditorMaterials/Camera/CineMat.uasset" 131
"../../../Engine/Content/EditorMaterials/Camera/CineMat.uexp" 132
"../../../Engine/Content/EditorMaterials/Camera/MI_CineMat_Rig.uasset" 133
"../../../Engine/Content/EditorMaterials/Camera/MI_CineMat_Rig.uexp" 134
"../../../Engine/Content/EditorMeshes/Camera/SM_CraneRig_Arm.uasset" 135
"../../../Engine/Content/EditorMeshes/Camera/SM_CraneRig_Arm.uexp" 136
"../../../Engine/Content/EditorMeshes/Camera/SM_CraneRig_Base.uasset" 137
"../../../Engine/Content/EditorMeshes/Camera/SM_CraneRig_Base.uexp" 138
"../../../Engine/Content/EditorMeshes/Camera/SM_CraneRig_Body.uasset" 139
"../../../Engine/Content/EditorMeshes/Camera/SM_CraneRig_Body.uexp" 140
"../../../Engine/Content/EditorMeshes/Camera/SM_CraneRig_Mount.uasset" 141
"../../../Engine/Content/EditorMeshes/Camera/SM_CraneRig_Mount.uexp" 142
"../../../Engine/Content/EditorMeshes/Camera/SM_RailRig_Mount.uasset" 143
"../../../Engine/Content/EditorMeshes/Camera/SM_RailRig_Mount.uexp" 144
"../../../Engine/Content/EditorMeshes/Camera/SM_RailRig_Track.uasset" 145
"../../../Engine/Content/EditorMeshes/Camera/SM_RailRig_Track.uexp" 146
"../../../Engine/Content/EditorResources/BSPVertex.uasset" 147
"../../../Engine/Content/EditorResources/BSPVertex.uexp" 148
"../../../Engine/Content/EditorResources/EmptyActor.uasset" 149
"../../../Engine/Content/EditorResources/EmptyActor.uexp" 150
"../../../Engine/Content/EditorResources/S_Actor.uasset" 151
"../../../Engine/Content/EditorResources/S_Actor.uexp" 152
"../../../Engine/Content/EditorResources/S_Actor.ubulk" 153
"../../../Engine/Content/EditorResources/S_Note.uasset" 154
"../../../Engine/Content/EditorResources/S_Note.uexp" 155
"../../../Engine/Content/EditorResources/S_Note.ubulk" 156
"../../../Engine/Content/EditorResources/S_Solver.uasset" 157
"../../../Engine/Content/EditorResources/S_Solver.uexp" 158
"../../../Engine/Content/EditorResources/S_Solver.ubulk" 159
"../../../Engine/Content/EditorResources/S_Terrain.uasset" 160
"../../../Engine/Content/EditorResources/S_Terrain.uexp" 161
"../../../Engine/Content/EditorResources/S_Terrain.ubulk" 162
"../../../Engine/Content/EditorResources/S_Trigger.uasset" 163
"../../../Engine/Content/EditorResources/S_Trigger.uexp" 164
"../../../Engine/Content/EditorResources/S_Trigger.ubulk" 165
"../../../Engine/Content/EditorResources/LightIcons/S_LightError.uasset" 166
"../../../Engine/Content/EditorResources/LightIcons/S_LightError.uexp" 167
"../../../Engine/Content/EditorResources/SequenceRecorder/Countdown.uasset" 168
"../../../Engine/Content/EditorResources/SequenceRecorder/Countdown.uexp" 169
"../../../Engine/Content/EditorResources/SequenceRecorder/RecordingIndicator.uasset" 170
"../../../Engine/Content/EditorResources/SequenceRecorder/RecordingIndicator.uexp" 171
"../../../Engine/Content/EngineDamageTypes/DmgTypeBP_Environmental.uasset" 172
"../../../Engine/Content/EngineDamageTypes/DmgTypeBP_Environmental.uexp" 173
"../../../Engine/Content/EngineDebugMaterials/DebugEditorMaterial.uasset" 174
"../../../Engine/Content/EngineDebugMaterials/DebugEditorMaterial.uexp" 175
"../../../Engine/Content/EngineDebugMaterials/DebugMeshMaterial.uasset" 176
"../../../Engine/Content/EngineDebugMaterials/DebugMeshMaterial.uexp" 177
"../../../Engine/Content/EngineDebugMaterials/M_SimpleUnlitTranslucent.uasset" 178
"../../../Engine/Content/EngineDebugMaterials/M_SimpleUnlitTranslucent.uexp" 179
"../../../Engine/Content/EngineDebugMaterials/VolumeToRender.uasset" 180
"../../../Engine/Content/EngineDebugMaterials/VolumeToRender.uexp" 181
"../../../Engine/Content/Functions/Engine_MaterialFunctions02/Utility/CameraDirectionVector.uasset" 182
"../../../Engine/Content/Functions/Engine_MaterialFunctions02/Utility/CameraDirectionVector.uexp" 183
"../../../Engine/Content/EngineDebugMaterials/M_VolumeRenderSphereTracePP.uasset" 184
"../../../Engine/Content/EngineDebugMaterials/M_VolumeRenderSphereTracePP.uexp" 185
"../../../Engine/Content/Functions/Engine_MaterialFunctions01/Shading/ConvertFromDiffSpec.uasset" 186
"../../../Engine/Content/Functions/Engine_MaterialFunctions01/Shading/ConvertFromDiffSpec.uexp" 187
"../../../Engine/Content/EngineDebugMaterials/VertexColorMaterial.uasset" 188
"../../../Engine/Content/EngineDebugMaterials/VertexColorMaterial.uexp" 189
"../../../Engine/Content/EngineDebugMaterials/WireframeMaterial.uasset" 190
"../../../Engine/Content/EngineDebugMaterials/WireframeMaterial.uexp" 191
"../../../Engine/Content/EngineMaterials/BaseFlattenNormalMap.uasset" 192
"../../../Engine/Content/EngineMaterials/BaseFlattenNormalMap.uexp" 193
"../../../Engine/Content/EngineMaterials/BaseFlattenGrayscaleMap.uasset" 194
"../../../Engine/Content/EngineMaterials/BaseFlattenGrayscaleMap.uexp" 195
"../../../Engine/Content/EngineMaterials/BaseFlattenEmissiveMap.uasset" 196
"../../../Engine/Content/EngineMaterials/BaseFlattenEmissiveMap.uexp" 197
"../../../Engine/Content/EngineMaterials/BaseFlattenDiffuseMap.uasset" 198
"../../../Engine/Content/EngineMaterials/BaseFlattenDiffuseMap.uexp" 199
"../../../Engine/Content/EngineMaterials/BaseFlattenMaterial.uasset" 200
"../../../Engine/Content/EngineMaterials/BaseFlattenMaterial.uexp" 201
"../../../Engine/Content/EngineMaterials/BlueNoise.uasset" 202
"../../../Engine/Content/EngineMaterials/BlueNoise.uexp" 203
"../../../Engine/Content/EngineMaterials/DefaultBloomKernel.uasset" 204
"../../../Engine/Content/EngineMaterials/DefaultBloomKernel.uexp" 205
"../../../Engine/Content/EngineMaterials/DefaultBokeh.uasset" 206
"../../../Engine/Content/EngineMaterials/DefaultBokeh.uexp" 207
"../../../Engine/Content/EngineMaterials/DefaultDiffuse.uasset" 208
"../../../Engine/Content/EngineMaterials/DefaultDiffuse.uexp" 209
"../../../Engine/Content/EngineMaterials/DefaultDiffuse.ubulk" 210
"../../../Engine/Content/EngineMaterials/DefaultDeferredDecalMaterial.uasset" 211
"../../../Engine/Content/EngineMaterials/DefaultDeferredDecalMaterial.uexp" 212
"../../../Engine/Content/EngineMaterials/DefaultLightFunctionMaterial.uasset" 213
"../../../Engine/Content/EngineMaterials/DefaultLightFunctionMaterial.uexp" 214
"../../../Engine/Content/EngineMaterials/DefaultPhysicalMaterial.uasset" 215
"../../../Engine/Content/EngineMaterials/DefaultPhysicalMaterial.uexp" 216
"../../../Engine/Content/Functions/Engine_MaterialFunctions02/Utility/BreakOutFloat2Components.uasset" 217
"../../../Engine/Content/Functions/Engine_MaterialFunctions02/Utility/BreakOutFloat2Components.uexp" 218
"../../../Engine/Content/EngineMaterials/DefaultPostProcessMaterial.uasset" 219
"../../../Engine/Content/EngineMaterials/DefaultPostProcessMaterial.uexp" 220
"../../../Engine/Content/EngineFonts/RobotoDistanceField.uasset" 221
"../../../Engine/Content/EngineFonts/RobotoDistanceField.uexp" 222
"../../../Engine/Content/EngineMaterials/DefaultTextMaterialOpaque.uasset" 223
"../../../Engine/Content/EngineMaterials/DefaultTextMaterialOpaque.uexp" 224
"../../../Engine/Content/EngineMaterials/DefaultWhiteGrid.uasset" 225
"../../../Engine/Content/EngineMaterials/DefaultWhiteGrid.uexp" 226
"../../../Engine/Content/EngineMaterials/DefaultWhiteGrid.ubulk" 227
"../../../Engine/Content/EngineMaterials/DefaultWhiteGrid_Low.uasset" 228
"../../../Engine/Content/EngineMaterials/DefaultWhiteGrid_Low.uexp" 229
"../../../Engine/Content/EngineMaterials/EmissiveMeshMaterial.uasset" 230
"../../../Engine/Content/EngineMaterials/EmissiveMeshMaterial.uexp" 231
"../../../Engine/Content/EngineMaterials/GizmoMaterial.uasset" 232
"../../../Engine/Content/EngineMaterials/GizmoMaterial.uexp" 233
"../../../Engine/Content/EngineMaterials/Good64x64TilingNoiseHighFreq.uasset" 234
"../../../Engine/Content/EngineMaterials/Good64x64TilingNoiseHighFreq.uexp" 235
"../../../Engine/Content/EngineMaterials/MiniFont.uasset" 236
"../../../Engine/Content/EngineMaterials/MiniFont.uexp" 237
"../../../Engine/Content/EngineMaterials/InvalidLightmapSettings.uasset" 238
"../../../Engine/Content/EngineMaterials/InvalidLightmapSettings.uexp" 239
"../../../Engine/Content/EngineMaterials/InvalidLightmapSettings.ubulk" 240
"../../../Engine/Content/EngineMaterials/M_InvalidLightmapSettings.uasset" 241
"../../../Engine/Content/EngineMaterials/M_InvalidLightmapSettings.uexp" 242
"../../../Engine/Content/Functions/Engine_MaterialFunctions02/WorldPositionOffset/CameraOffset.uasset" 243
"../../../Engine/Content/Functions/Engine_MaterialFunctions02/WorldPositionOffset/CameraOffset.uexp" 244
"../../../Engine/Content/EngineMaterials/PhAT_JointLimitMaterial.uasset" 245
"../../../Engine/Content/EngineMaterials/PhAT_JointLimitMaterial.uexp" 246
"../../../Engine/Content/EngineMaterials/DefaultCalibrationColor.uasset" 247
"../../../Engine/Content/EngineMaterials/DefaultCalibrationColor.uexp" 248
"../../../Engine/Content/EngineMaterials/PPM_DefaultCalibrationColor.uasset" 249
"../../../Engine/Content/EngineMaterials/PPM_DefaultCalibrationColor.uexp" 250
"../../../Engine/Content/EngineMaterials/DefaultCalibrationGrayscale.uasset" 251
"../../../Engine/Content/EngineMaterials/DefaultCalibrationGrayscale.uexp" 252
"../../../Engine/Content/EngineMaterials/PPM_DefaultCalibrationGrayscale.uasset" 253
"../../../Engine/Content/EngineMaterials/PPM_DefaultCalibrationGrayscale.uexp" 254
"../../../Engine/Content/EngineMaterials/PreintegratedSkinBRDF.uasset" 255
"../../../Engine/Content/EngineMaterials/PreintegratedSkinBRDF.uexp" 256
"../../../Engine/Content/EngineMaterials/RemoveSurfaceMaterial.uasset" 257
"../../../Engine/Content/EngineMaterials/RemoveSurfaceMaterial.uexp" 258
"../../../Engine/Content/EngineMaterials/WeightMapPlaceholderTexture.uasset" 259
"../../../Engine/Content/EngineMaterials/WeightMapPlaceholderTexture.uexp" 260
"../../../Engine/Content/EngineResources/WhiteSquareTexture.uasset" 261
"../../../Engine/Content/EngineResources/WhiteSquareTexture.uexp" 262
"../../../Engine/Content/EngineMaterials/Widget3DPassThrough.uasset" 263
"../../../Engine/Content/EngineMaterials/Widget3DPassThrough.uexp" 264
"../../../Engine/Content/EngineMaterials/Widget3DPassThrough_Masked.uasset" 265
"../../../Engine/Content/EngineMaterials/Widget3DPassThrough_Masked.uexp" 266
"../../../Engine/Content/EngineMaterials/Widget3DPassThrough_Opaque.uasset" 267
"../../../Engine/Content/EngineMaterials/Widget3DPassThrough_Opaque.uexp" 268
"../../../Engine/Content/EngineMaterials/Widget3DPassThrough_Masked_OneSided.uasset" 269
"../../../Engine/Content/EngineMaterials/Widget3DPassThrough_Masked_OneSided.uexp" 270
"../../../Engine/Content/EngineMaterials/Widget3DPassThrough_Opaque_OneSided.uasset" 271
"../../../Engine/Content/EngineMaterials/Widget3DPassThrough_Opaque_OneSided.uexp" 272
"../../../Engine/Content/EngineMaterials/Widget3DPassThrough_Translucent.uasset" 273
"../../../Engine/Content/EngineMaterials/Widget3DPassThrough_Translucent.uexp" 274
"../../../Engine/Content/EngineMaterials/Widget3DPassThrough_Translucent_OneSided.uasset" 275
"../../../Engine/Content/EngineMaterials/Widget3DPassThrough_Translucent_OneSided.uexp" 276
"../../../Engine/Content/EngineMeshes/Cube.uasset" 277
"../../../Engine/Content/EngineMeshes/Cube.uexp" 278
"../../../Engine/Content/EngineMeshes/Cylinder.uasset" 279
"../../../Engine/Content/EngineMeshes/Cylinder.uexp" 280
"../../../Engine/Content/EngineMeshes/Sphere.uasset" 281
"../../../Engine/Content/EngineMeshes/Sphere.uexp" 282
"../../../Engine/Content/EngineResources/DefaultTexture.uasset" 283
"../../../Engine/Content/EngineResources/DefaultTexture.uexp" 284
"../../../Engine/Content/EngineResources/DefaultTexture.ubulk" 285
"../../../Engine/Content/EngineResources/DefaultTextureCube.uasset" 286
"../../../Engine/Content/EngineResources/DefaultTextureCube.uexp" 287
"../../../Engine/Content/EngineResources/DefaultVolumeTexture2D.uasset" 288
"../../../Engine/Content/EngineResources/DefaultVolumeTexture2D.uexp" 289
"../../../Engine/Content/EngineResources/DefaultVolumeTexture.uasset" 290
"../../../Engine/Content/EngineResources/DefaultVolumeTexture.uexp" 291
"../../../Engine/Content/EngineResources/GradientTexture0.uasset" 292
"../../../Engine/Content/EngineResources/GradientTexture0.uexp" 293
"../../../Engine/Content/EngineSky/VolumetricClouds/T_NoiseShape64.uasset" 294
"../../../Engine/Content/EngineSky/VolumetricClouds/T_NoiseShape64.uexp" 295
"../../../Engine/Content/EngineSky/VolumetricClouds/T_NoiseShape64.ubulk" 296
"../../../Engine/Content/EngineSky/VolumetricClouds/T_VolumeNoiseShape64.uasset" 297
"../../../Engine/Content/EngineSky/VolumetricClouds/T_VolumeNoiseShape64.uexp" 298
"../../../Engine/Content/EngineSky/VolumetricClouds/T_NoiseErosion.uasset" 299
"../../../Engine/Content/EngineSky/VolumetricClouds/T_NoiseErosion.uexp" 300
"../../../Engine/Content/EngineSky/VolumetricClouds/T_NoiseErosion.ubulk" 301
"../../../Engine/Content/EngineSky/VolumetricClouds/T_VolumeNoiseErosion32.uasset" 302
"../../../Engine/Content/EngineSky/VolumetricClouds/T_VolumeNoiseErosion32.uexp" 303
"../../../Engine/Content/EngineSky/VolumetricClouds/CloudWeatherTexture.uasset" 304
"../../../Engine/Content/EngineSky/VolumetricClouds/CloudWeatherTexture.uexp" 305
"../../../Engine/Content/EngineSky/VolumetricClouds/CloudGradientTexture.uasset" 306
"../../../Engine/Content/EngineSky/VolumetricClouds/CloudGradientTexture.uexp" 307
"../../../Engine/Content/Functions/Engine_MaterialFunctions02/Utility/MakeFloat2.uasset" 308
"../../../Engine/Content/Functions/Engine_MaterialFunctions02/Utility/MakeFloat2.uexp" 309
"../../../Engine/Content/EngineSky/VolumetricClouds/m_SimpleVolumetricCloud.uasset" 310
"../../../Engine/Content/EngineSky/VolumetricClouds/m_SimpleVolumetricCloud.uexp" 311
"../../../Engine/Content/EngineSky/VolumetricClouds/m_SimpleVolumetricCloud_Inst.uasset" 312
"../../../Engine/Content/EngineSky/VolumetricClouds/m_SimpleVolumetricCloud_Inst.uexp" 313
"../../../Engine/Content/EngineSounds/Master.uasset" 314
"../../../Engine/Content/EngineSounds/Master.uexp" 315
"../../../Engine/Content/Functions/Engine_MaterialFunctions01/Shading/PowerToRoughness.uasset" 316
"../../../Engine/Content/Functions/Engine_MaterialFunctions01/Shading/PowerToRoughness.uexp" 317
"../../../Engine/Content/Maps/Templates/Thumbnails/Default.uasset" 318
"../../../Engine/Content/Maps/Templates/Thumbnails/Default.uexp" 319
"../../../Engine/Content/Maps/Templates/Thumbnails/TimeOfDay.uasset" 320
"../../../Engine/Content/Maps/Templates/Thumbnails/TimeOfDay.uexp" 321
"../../../Engine/Content/Maps/Templates/Thumbnails/VR-Basic.uasset" 322
"../../../Engine/Content/Maps/Templates/Thumbnails/VR-Basic.uexp" 323
"../../../Engine/Content/MobileResources/T_MobileControls_texture.uasset" 324
"../../../Engine/Content/MobileResources/T_MobileControls_texture.uexp" 325
"../../../Engine/Content/MobileResources/T_MobileMenu2.uasset" 326
"../../../Engine/Content/MobileResources/T_MobileMenu2.uexp" 327
"../../../Engine/Content/MobileResources/HUD/AnalogHat.uasset" 328
"../../../Engine/Content/MobileResources/HUD/AnalogHat.uexp" 329
"../../../Engine/Content/MobileResources/HUD/VirtualJoystick_Thumb.uasset" 330
"../../../Engine/Content/MobileResources/HUD/VirtualJoystick_Thumb.uexp" 331
"../../../Engine/Content/MobileResources/HUD/VirtualJoystick_Background.uasset" 332
"../../../Engine/Content/MobileResources/HUD/VirtualJoystick_Background.uexp" 333
"../../../Engine/Content/MobileResources/HUD/DefaultVirtualJoysticks.uasset" 334
"../../../Engine/Content/MobileResources/HUD/DefaultVirtualJoysticks.uexp" 335
"../../../Engine/Content/MobileResources/HUD/LeftVirtualJoystickOnly.uasset" 336
"../../../Engine/Content/MobileResources/HUD/LeftVirtualJoystickOnly.uexp" 337
"../../../Engine/Content/MobileResources/HUD/MobileHUDButton1_off.uasset" 338
"../../../Engine/Content/MobileResources/HUD/MobileHUDButton1_off.uexp" 339
"../../../Engine/Content/MobileResources/HUD/MobileHUDButton1_on.uasset" 340
"../../../Engine/Content/MobileResources/HUD/MobileHUDButton1_on.uexp" 341
"../../../Engine/Content/MobileResources/HUD/MobileHUDButton2_off.uasset" 342
"../../../Engine/Content/MobileResources/HUD/MobileHUDButton2_off.uexp" 343
"../../../Engine/Content/MobileResources/HUD/MobileHUDButton2_on.uasset" 344
"../../../Engine/Content/MobileResources/HUD/MobileHUDButton2_on.uexp" 345
"../../../Engine/Content/MobileResources/HUD/MobileHUDButton3.uasset" 346
"../../../Engine/Content/MobileResources/HUD/MobileHUDButton3.uexp" 347
"../../../Engine/Content/MobileResources/HUD/MobileHUDButtonFire.uasset" 348
"../../../Engine/Content/MobileResources/HUD/MobileHUDButtonFire.uexp" 349
"../../../Engine/Content/MobileResources/HUD/MobileHUDDirectionPad.uasset" 350
"../../../Engine/Content/MobileResources/HUD/MobileHUDDirectionPad.uexp" 351
"../../../Engine/Content/MobileResources/HUD/MobileHUDDirectionPad2.uasset" 352
"../../../Engine/Content/MobileResources/HUD/MobileHUDDirectionPad2.uexp" 353
"../../../Engine/Content/MobileResources/HUD/MobileHUDDirectionPad3.uasset" 354
"../../../Engine/Content/MobileResources/HUD/MobileHUDDirectionPad3.uexp" 355
"../../../Engine/Content/MobileResources/HUD/MobileHUDDirectionStick.uasset" 356
"../../../Engine/Content/MobileResources/HUD/MobileHUDDirectionStick.uexp" 357
"../../../Engine/Content/MobileResources/HUD/T_Castle_ThumbstickInner.uasset" 358
"../../../Engine/Content/MobileResources/HUD/T_Castle_ThumbstickInner.uexp" 359
"../../../Engine/Content/MobileResources/HUD/T_Castle_ThumbstickOutter.uasset" 360
"../../../Engine/Content/MobileResources/HUD/T_Castle_ThumbstickOutter.uexp" 361
"../../../Engine/Content/Tutorial/ContentIntroCurve.uasset" 362
"../../../Engine/Content/Tutorial/ContentIntroCurve.uexp" 363
"../../../Engine/Content/Tutorial/Basics/TutorialAssets/icon_tab_Levels_40x.uasset" 364
"../../../Engine/Content/Tutorial/Basics/TutorialAssets/icon_tab_Levels_40x.uexp" 365
"../../../Engine/Content/Tutorial/BlueprintTutorials/TutorialAssets/Blueprint_64x.uasset" 366
"../../../Engine/Content/Tutorial/BlueprintTutorials/TutorialAssets/Blueprint_64x.uexp" 367
"../../../Engine/Content/Tutorial/Landscape/TutorialAssets/Landscape.uasset" 368
"../../../Engine/Content/Tutorial/Landscape/TutorialAssets/Landscape.uexp" 369
"../../../Engine/Content/Tutorial/SubEditors/TutorialAssets/TutorialMaterial.uasset" 370
"../../../Engine/Content/Tutorial/SubEditors/TutorialAssets/TutorialMaterial.uexp" 371
"../../../Engine/Content/VREditor/TransformGizmo/TranslucentTransformGizmoMaterial.uasset" 372
"../../../Engine/Content/VREditor/TransformGizmo/TranslucentTransformGizmoMaterial.uexp" 373
"../../../Engine/Content/VREditor/LaserPointer/VR_LaserPower_01.uasset" 374
"../../../Engine/Content/VREditor/LaserPointer/VR_LaserPower_01.uexp" 375
"../../../Engine/Content/VREditor/LaserPointer/VR_LaserPower_01.ubulk" 376
"../../../Engine/Content/VREditor/TransformGizmo/TransformGizmoMaterial.uasset" 377
"../../../Engine/Content/VREditor/TransformGizmo/TransformGizmoMaterial.uexp" 378
"../../../Engine/Content/VREditor/TransformGizmo/BoundingBoxCorner.uasset" 379
"../../../Engine/Content/VREditor/TransformGizmo/BoundingBoxCorner.uexp" 380
"../../../Engine/Content/VREditor/TransformGizmo/BoundingBoxEdge.uasset" 381
"../../../Engine/Content/VREditor/TransformGizmo/BoundingBoxEdge.uexp" 382
"../../../Engine/Content/VREditor/TransformGizmo/PlaneTranslationHandle.uasset" 383
"../../../Engine/Content/VREditor/TransformGizmo/PlaneTranslationHandle.uexp" 384
"../../../Engine/Content/VREditor/TransformGizmo/Xray.uasset" 385
"../../../Engine/Content/VREditor/TransformGizmo/Xray.uexp" 386
"../../../Engine/Content/VREditor/TransformGizmo/Main.uasset" 387
"../../../Engine/Content/VREditor/TransformGizmo/Main.uexp" 388
"../../../Engine/Content/VREditor/TransformGizmo/SM_Sequencer_Key.uasset" 389
"../../../Engine/Content/VREditor/TransformGizmo/SM_Sequencer_Key.uexp" 390
"../../../Engine/Content/VREditor/TransformGizmo/SM_Sequencer_Node.uasset" 391
"../../../Engine/Content/VREditor/TransformGizmo/SM_Sequencer_Node.uexp" 392
"../../../Engine/Plugins/2D/Paper2D/Content/PlaceholderTextures/DummySpriteTexture.uasset" 393
"../../../Engine/Plugins/2D/Paper2D/Content/PlaceholderTextures/DummySpriteTexture.uexp" 394
"../../../Engine/Plugins/2D/Paper2D/Content/PlaceholderTextures/DummySpriteTexture.ubulk" 395
"../../../Engine/Plugins/2D/Paper2D/Content/DummySprite.uasset" 396
"../../../Engine/Plugins/2D/Paper2D/Content/DummySprite.uexp" 397
"../../../Engine/Plugins/2D/Paper2D/Content/DefaultPaperTerrainMaterial.uasset" 398
"../../../Engine/Plugins/2D/Paper2D/Content/DefaultPaperTerrainMaterial.uexp" 399
"../../../Engine/Plugins/2D/Paper2D/Content/DefaultSpriteMaterial.uasset" 400
"../../../Engine/Plugins/2D/Paper2D/Content/DefaultSpriteMaterial.uexp" 401
"../../../Engine/Plugins/2D/Paper2D/Content/MaskedUnlitSpriteMaterial.uasset" 402
"../../../Engine/Plugins/2D/Paper2D/Content/MaskedUnlitSpriteMaterial.uexp" 403
"../../../Engine/Plugins/2D/Paper2D/Content/OpaqueUnlitSpriteMaterial.uasset" 404
"../../../Engine/Plugins/2D/Paper2D/Content/OpaqueUnlitSpriteMaterial.uexp" 405
"../../../Engine/Content/Functions/Engine_MaterialFunctions02/Utility/BreakOutFloat3Components.uasset" 406
"../../../Engine/Content/Functions/Engine_MaterialFunctions02/Utility/BreakOutFloat3Components.uexp" 407
"../../../Engine/Plugins/Editor/SpeedTreeImporter/Content/SpeedTree9/UnpackInteger3.uasset" 408
"../../../Engine/Plugins/Editor/SpeedTreeImporter/Content/SpeedTree9/UnpackInteger3.uexp" 409
"../../../Engine/Plugins/Editor/SpeedTreeImporter/Content/SpeedTree9/UnpackDirection.uasset" 410
"../../../Engine/Plugins/Editor/SpeedTreeImporter/Content/SpeedTree9/UnpackDirection.uexp" 411
"../../../Engine/Plugins/Editor/SpeedTreeImporter/Content/SpeedTree9/game_wind_noise.uasset" 412
"../../../Engine/Plugins/Editor/SpeedTreeImporter/Content/SpeedTree9/game_wind_noise.uexp" 413
"../../../Engine/Plugins/Editor/SpeedTreeImporter/Content/SpeedTree9/game_wind_noise.ubulk" 414
"../../../Engine/Content/Functions/Engine_MaterialFunctions02/SafeNormalize.uasset" 415
"../../../Engine/Content/Functions/Engine_MaterialFunctions02/SafeNormalize.uexp" 416
"../../../Engine/Plugins/Editor/SpeedTreeImporter/Content/SpeedTree9/SpeedTreeWindMotion.uasset" 417
"../../../Engine/Plugins/Editor/SpeedTreeImporter/Content/SpeedTree9/SpeedTreeWindMotion.uexp" 418
"../../../Engine/Plugins/Editor/SpeedTreeImporter/Content/SpeedTree9/SpeedTreeBranchMotion.uasset" 419
"../../../Engine/Plugins/Editor/SpeedTreeImporter/Content/SpeedTree9/SpeedTreeBranchMotion.uexp" 420
"../../../Engine/Content/Functions/Engine_MaterialFunctions02/ObjectLocalBounds.uasset" 421
"../../../Engine/Content/Functions/Engine_MaterialFunctions02/ObjectLocalBounds.uexp" 422
"../../../Engine/Content/Functions/Engine_MaterialFunctions02/UVs/BoundingBoxBased_0-1_UVW.uasset" 423
"../../../Engine/Content/Functions/Engine_MaterialFunctions02/UVs/BoundingBoxBased_0-1_UVW.uexp" 424
"../../../Engine/Content/Functions/Engine_MaterialFunctions02/Utility/VectorLength.uasset" 425
"../../../Engine/Content/Functions/Engine_MaterialFunctions02/Utility/VectorLength.uexp" 426
"../../../Engine/Content/Functions/Engine_MaterialFunctions02/WorldPositionOffset/ObjectScale.uasset" 427
"../../../Engine/Content/Functions/Engine_MaterialFunctions02/WorldPositionOffset/ObjectScale.uexp" 428
"../../../Engine/Plugins/Editor/SpeedTreeImporter/Content/SpeedTree9/SpeedTreeWind.uasset" 429
"../../../Engine/Plugins/Editor/SpeedTreeImporter/Content/SpeedTree9/SpeedTreeWind.uexp" 430
"../../../Engine/Plugins/Editor/SpeedTreeImporter/Content/SpeedTree9/SpeedTreeBillboard.uasset" 431
"../../../Engine/Plugins/Editor/SpeedTreeImporter/Content/SpeedTree9/SpeedTreeBillboard.uexp" 432
"../../../Engine/Plugins/Editor/SpeedTreeImporter/Content/SpeedTree9/EmptyNormal.uasset" 433
"../../../Engine/Plugins/Editor/SpeedTreeImporter/Content/SpeedTree9/EmptyNormal.uexp" 434
"../../../Engine/Plugins/Editor/SpeedTreeImporter/Content/SpeedTree9/Empty.uasset" 435
"../../../Engine/Plugins/Editor/SpeedTreeImporter/Content/SpeedTree9/Empty.uexp" 436
"../../../Engine/Plugins/Editor/SpeedTreeImporter/Content/SpeedTree9/SpeedTreeBillboardMaster.uasset" 437
"../../../Engine/Plugins/Editor/SpeedTreeImporter/Content/SpeedTree9/SpeedTreeBillboardMaster.uexp" 438
"../../../Engine/Plugins/Editor/SpeedTreeImporter/Content/SpeedTree9/SpeedTreeCameraFacing.uasset" 439
"../../../Engine/Plugins/Editor/SpeedTreeImporter/Content/SpeedTree9/SpeedTreeCameraFacing.uexp" 440
"../../../Engine/Plugins/Editor/SpeedTreeImporter/Content/SpeedTree9/SpeedTreeMaster.uasset" 441
"../../../Engine/Plugins/Editor/SpeedTreeImporter/Content/SpeedTree9/SpeedTreeMaster.uexp" 442
"../../../Engine/Content/BasicShapes/Cylinder.uasset" 443
"../../../Engine/Content/BasicShapes/Cylinder.uexp" 444
"../../../Engine/Content/ArtTools/RenderToTexture/Materials/Debug/M_Emissive_Color.uasset" 445
"../../../Engine/Content/ArtTools/RenderToTexture/Materials/Debug/M_Emissive_Color.uexp" 446
"../../../Engine/Plugins/Lumin/MagicLeapPassableWorld/Content/MagicLeapARPinInfoActor.uasset" 447
"../../../Engine/Plugins/Lumin/MagicLeapPassableWorld/Content/MagicLeapARPinInfoActor.uexp" 448
"../../../Engine/Plugins/Runtime/OpenXR/Content/Devices/GoogleDaydream/MRTexture.uasset" 449
"../../../Engine/Plugins/Runtime/OpenXR/Content/Devices/GoogleDaydream/MRTexture.uexp" 450
"../../../Engine/Plugins/Runtime/OpenXR/Content/Devices/GoogleDaydream/MRTexture.ubulk" 451
"../../../Engine/Plugins/Runtime/OpenXR/Content/Devices/GoogleDaydream/BaseTexture.uasset" 452
"../../../Engine/Plugins/Runtime/OpenXR/Content/Devices/GoogleDaydream/BaseTexture.uexp" 453
"../../../Engine/Plugins/Runtime/OpenXR/Content/Devices/GoogleDaydream/BaseTexture.ubulk" 454
"../../../Engine/Content/EngineResources/Black.uasset" 455
"../../../Engine/Content/EngineResources/Black.uexp" 456
"../../../Engine/Plugins/Runtime/OpenXR/Content/Devices/M_XRController.uasset" 457
"../../../Engine/Plugins/Runtime/OpenXR/Content/Devices/M_XRController.uexp" 458
"../../../Engine/Plugins/Runtime/OpenXR/Content/Devices/GoogleDaydream/MI_GoogleDaydream.uasset" 459
"../../../Engine/Plugins/Runtime/OpenXR/Content/Devices/GoogleDaydream/MI_GoogleDaydream.uexp" 460
"../../../Engine/Plugins/Runtime/OpenXR/Content/Devices/GoogleDaydream/GoogleDaydreamController.uasset" 461
"../../../Engine/Plugins/Runtime/OpenXR/Content/Devices/GoogleDaydream/GoogleDaydreamController.uexp" 462
"../../../Engine/Plugins/Runtime/OpenXR/Content/Devices/HTCVive/BaseTexture.uasset" 463
"../../../Engine/Plugins/Runtime/OpenXR/Content/Devices/HTCVive/BaseTexture.uexp" 464
"../../../Engine/Plugins/Runtime/OpenXR/Content/Devices/HTCVive/BaseTexture.ubulk" 465
"../../../Engine/Plugins/Runtime/OpenXR/Content/Devices/HTCVive/MI_HTCVive.uasset" 466
"../../../Engine/Plugins/Runtime/OpenXR/Content/Devices/HTCVive/MI_HTCVive.uexp" 467
"../../../Engine/Plugins/Runtime/OpenXR/Content/Devices/HTCVive/HTCViveController.uasset" 468
"../../../Engine/Plugins/Runtime/OpenXR/Content/Devices/HTCVive/HTCViveController.uexp" 469
"../../../Engine/Plugins/Runtime/OpenXR/Content/Devices/MicrosoftMixedReality/NormalTexture.uasset" 470
"../../../Engine/Plugins/Runtime/OpenXR/Content/Devices/MicrosoftMixedReality/NormalTexture.uexp" 471
"../../../Engine/Plugins/Runtime/OpenXR/Content/Devices/MicrosoftMixedReality/NormalTexture.ubulk" 472
"../../../Engine/Plugins/Runtime/OpenXR/Content/Devices/MicrosoftMixedReality/MRTexture.uasset" 473
"../../../Engine/Plugins/Runtime/OpenXR/Content/Devices/MicrosoftMixedReality/MRTexture.uexp" 474
"../../../Engine/Plugins/Runtime/OpenXR/Content/Devices/MicrosoftMixedReality/MRTexture.ubulk" 475
"../../../Engine/Plugins/Runtime/OpenXR/Content/Devices/MicrosoftMixedReality/EmissiveTexture.uasset" 476
"../../../Engine/Plugins/Runtime/OpenXR/Content/Devices/MicrosoftMixedReality/EmissiveTexture.uexp" 477
"../../../Engine/Plugins/Runtime/OpenXR/Content/Devices/MicrosoftMixedReality/EmissiveTexture.ubulk" 478
"../../../Engine/Plugins/Runtime/OpenXR/Content/Devices/MicrosoftMixedReality/BaseTexture.uasset" 479
"../../../Engine/Plugins/Runtime/OpenXR/Content/Devices/MicrosoftMixedReality/BaseTexture.uexp" 480
"../../../Engine/Plugins/Runtime/OpenXR/Content/Devices/MicrosoftMixedReality/BaseTexture.ubulk" 481
"../../../Engine/Plugins/Runtime/OpenXR/Content/Devices/MicrosoftMixedReality/MI_MicrosoftMixedReality.uasset" 482
"../../../Engine/Plugins/Runtime/OpenXR/Content/Devices/MicrosoftMixedReality/MI_MicrosoftMixedReality.uexp" 483
"../../../Engine/Plugins/Runtime/OpenXR/Content/Devices/MicrosoftMixedReality/Left/left_MicrosoftMixedRealityController.uasset" 484
"../../../Engine/Plugins/Runtime/OpenXR/Content/Devices/MicrosoftMixedReality/Left/left_MicrosoftMixedRealityController.uexp" 485
"../../../Engine/Plugins/Runtime/OpenXR/Content/Devices/MicrosoftMixedReality/Right/right_MicrosoftMixedRealityController.uasset" 486
"../../../Engine/Plugins/Runtime/OpenXR/Content/Devices/MicrosoftMixedReality/Right/right_MicrosoftMixedRealityController.uexp" 487
"../../../Engine/Plugins/Runtime/OpenXR/Content/Devices/OculusGo/BaseTexture.uasset" 488
"../../../Engine/Plugins/Runtime/OpenXR/Content/Devices/OculusGo/BaseTexture.uexp" 489
"../../../Engine/Plugins/Runtime/OpenXR/Content/Devices/OculusGo/BaseTexture.ubulk" 490
"../../../Engine/Plugins/Runtime/OpenXR/Content/Devices/OculusGo/MI_OculusGo.uasset" 491
"../../../Engine/Plugins/Runtime/OpenXR/Content/Devices/OculusGo/MI_OculusGo.uexp" 492
"../../../Engine/Plugins/Runtime/OpenXR/Content/Devices/OculusGo/OculusGoController.uasset" 493
"../../../Engine/Plugins/Runtime/OpenXR/Content/Devices/OculusGo/OculusGoController.uexp" 494
"../../../Engine/Plugins/Runtime/OpenXR/Content/Devices/OculusTouch/MRTexture.uasset" 495
"../../../Engine/Plugins/Runtime/OpenXR/Content/Devices/OculusTouch/MRTexture.uexp" 496
"../../../Engine/Plugins/Runtime/OpenXR/Content/Devices/OculusTouch/MRTexture.ubulk" 497
"../../../Engine/Plugins/Runtime/OpenXR/Content/Devices/OculusTouch/BaseTexture.uasset" 498
"../../../Engine/Plugins/Runtime/OpenXR/Content/Devices/OculusTouch/BaseTexture.uexp" 499
"../../../Engine/Plugins/Runtime/OpenXR/Content/Devices/OculusTouch/BaseTexture.ubulk" 500
"../../../Engine/Plugins/Runtime/OpenXR/Content/Devices/OculusTouch/MI_OculusTouch.uasset" 501
"../../../Engine/Plugins/Runtime/OpenXR/Content/Devices/OculusTouch/MI_OculusTouch.uexp" 502
"../../../Engine/Plugins/Runtime/OpenXR/Content/Devices/OculusTouch/Left/left_OculusTouchController.uasset" 503
"../../../Engine/Plugins/Runtime/OpenXR/Content/Devices/OculusTouch/Left/left_OculusTouchController.uexp" 504
"../../../Engine/Plugins/Runtime/OpenXR/Content/Devices/OculusTouch/Right/right_OculusTouchController.uasset" 505
"../../../Engine/Plugins/Runtime/OpenXR/Content/Devices/OculusTouch/Right/right_OculusTouchController.uexp" 506
"../../../Engine/Plugins/Runtime/OpenXR/Content/Devices/OculusTouch_v2/MRTexture.uasset" 507
"../../../Engine/Plugins/Runtime/OpenXR/Content/Devices/OculusTouch_v2/MRTexture.uexp" 508
"../../../Engine/Plugins/Runtime/OpenXR/Content/Devices/OculusTouch_v2/MRTexture.ubulk" 509
"../../../Engine/Plugins/Runtime/OpenXR/Content/Devices/OculusTouch_v2/BaseTexture.uasset" 510
"../../../Engine/Plugins/Runtime/OpenXR/Content/Devices/OculusTouch_v2/BaseTexture.uexp" 511
"../../../Engine/Plugins/Runtime/OpenXR/Content/Devices/OculusTouch_v2/BaseTexture.ubulk" 512
"../../../Engine/Plugins/Runtime/OpenXR/Content/Devices/OculusTouch_v2/MI_OculusTouch_v2.uasset" 513
"../../../Engine/Plugins/Runtime/OpenXR/Content/Devices/OculusTouch_v2/MI_OculusTouch_v2.uexp" 514
"../../../Engine/Plugins/Runtime/OpenXR/Content/Devices/OculusTouch_v2/Left/left_OculusTouch_v2Controller.uasset" 515
"../../../Engine/Plugins/Runtime/OpenXR/Content/Devices/OculusTouch_v2/Left/left_OculusTouch_v2Controller.uexp" 516
"../../../Engine/Plugins/Runtime/OpenXR/Content/Devices/OculusTouch_v2/Right/right_OculusTouch_v2Controller.uasset" 517
"../../../Engine/Plugins/Runtime/OpenXR/Content/Devices/OculusTouch_v2/Right/right_OculusTouch_v2Controller.uexp" 518
"../../../Engine/Plugins/Runtime/OpenXR/Content/Devices/OculusTouch_v3/MRTexture.uasset" 519
"../../../Engine/Plugins/Runtime/OpenXR/Content/Devices/OculusTouch_v3/MRTexture.uexp" 520
"../../../Engine/Plugins/Runtime/OpenXR/Content/Devices/OculusTouch_v3/MRTexture.ubulk" 521
"../../../Engine/Plugins/Runtime/OpenXR/Content/Devices/OculusTouch_v3/BaseTexture.uasset" 522
"../../../Engine/Plugins/Runtime/OpenXR/Content/Devices/OculusTouch_v3/BaseTexture.uexp" 523
"../../../Engine/Plugins/Runtime/OpenXR/Content/Devices/OculusTouch_v3/BaseTexture.ubulk" 524
"../../../Engine/Plugins/Runtime/OpenXR/Content/Devices/OculusTouch_v3/MI_OculusTouch_v3.uasset" 525
"../../../Engine/Plugins/Runtime/OpenXR/Content/Devices/OculusTouch_v3/MI_OculusTouch_v3.uexp" 526
"../../../Engine/Plugins/Runtime/OpenXR/Content/Devices/OculusTouch_v3/Left/left_OculusTouch_v3Controller.uasset" 527
"../../../Engine/Plugins/Runtime/OpenXR/Content/Devices/OculusTouch_v3/Left/left_OculusTouch_v3Controller.uexp" 528
"../../../Engine/Plugins/Runtime/OpenXR/Content/Devices/OculusTouch_v3/Right/right_OculusTouch_v3Controller.uasset" 529
"../../../Engine/Plugins/Runtime/OpenXR/Content/Devices/OculusTouch_v3/Right/right_OculusTouch_v3Controller.uexp" 530
"../../../Engine/Plugins/Runtime/OpenXR/Content/Devices/ValveIndex/MRTexture.uasset" 531
"../../../Engine/Plugins/Runtime/OpenXR/Content/Devices/ValveIndex/MRTexture.uexp" 532
"../../../Engine/Plugins/Runtime/OpenXR/Content/Devices/ValveIndex/MRTexture.ubulk" 533
"../../../Engine/Plugins/Runtime/OpenXR/Content/Devices/ValveIndex/BaseTexture.uasset" 534
"../../../Engine/Plugins/Runtime/OpenXR/Content/Devices/ValveIndex/BaseTexture.uexp" 535
"../../../Engine/Plugins/Runtime/OpenXR/Content/Devices/ValveIndex/BaseTexture.ubulk" 536
"../../../Engine/Plugins/Runtime/OpenXR/Content/Devices/ValveIndex/Left/MI_left_ValveIndex.uasset" 537
"../../../Engine/Plugins/Runtime/OpenXR/Content/Devices/ValveIndex/Left/MI_left_ValveIndex.uexp" 538
"../../../Engine/Plugins/Runtime/OpenXR/Content/Devices/ValveIndex/Left/left_ValveIndexController.uasset" 539
"../../../Engine/Plugins/Runtime/OpenXR/Content/Devices/ValveIndex/Left/left_ValveIndexController.uexp" 540
"../../../Engine/Plugins/Runtime/OpenXR/Content/Devices/ValveIndex/Right/MI_right_ValveIndex.uasset" 541
"../../../Engine/Plugins/Runtime/OpenXR/Content/Devices/ValveIndex/Right/MI_right_ValveIndex.uexp" 542
"../../../Engine/Plugins/Runtime/OpenXR/Content/Devices/ValveIndex/Right/right_ValveIndexController.uasset" 543
"../../../Engine/Plugins/Runtime/OpenXR/Content/Devices/ValveIndex/Right/right_ValveIndexController.uexp" 544
"../../../Engine/Content/Functions/Engine_MaterialFunctions02/Utility/BreakOutFloat4Components.uasset" 545
"../../../Engine/Content/Functions/Engine_MaterialFunctions02/Utility/BreakOutFloat4Components.uexp" 546
"../../../Engine/Content/Functions/Engine_MaterialFunctions02/Utility/MakeFloat3.uasset" 547
"../../../Engine/Content/Functions/Engine_MaterialFunctions02/Utility/MakeFloat3.uexp" 548
"../../../Engine/Plugins/Runtime/Oculus/OculusVR/Content/Materials/OculusMR_ChromaKey.uasset" 549
"../../../Engine/Plugins/Runtime/Oculus/OculusVR/Content/Materials/OculusMR_ChromaKey.uexp" 550
"../../../Engine/Plugins/Runtime/Oculus/OculusVR/Content/Materials/OculusMR_OpaqueColoredMaterial.uasset" 551
"../../../Engine/Plugins/Runtime/Oculus/OculusVR/Content/Materials/OculusMR_OpaqueColoredMaterial.uexp" 552
"../../../Engine/Plugins/Runtime/Oculus/OculusVR/Content/Materials/PokeAHoleMaterial.uasset" 553
"../../../Engine/Plugins/Runtime/Oculus/OculusVR/Content/Materials/PokeAHoleMaterial.uexp" 554
"../../../Engine/Plugins/Runtime/Oculus/OculusVR/Content/Textures/touchController_controlmap.uasset" 555
"../../../Engine/Plugins/Runtime/Oculus/OculusVR/Content/Textures/touchController_controlmap.uexp" 556
"../../../Engine/Plugins/Runtime/Oculus/OculusVR/Content/Textures/touchController_controlmap.ubulk" 557
"../../../Engine/Plugins/Runtime/Oculus/OculusVR/Content/Textures/touchController_albedo.uasset" 558
"../../../Engine/Plugins/Runtime/Oculus/OculusVR/Content/Textures/touchController_albedo.uexp" 559
"../../../Engine/Plugins/Runtime/Oculus/OculusVR/Content/Textures/touchController_albedo.ubulk" 560
"../../../Engine/Plugins/Runtime/Oculus/OculusVR/Content/Materials/touchController_mat.uasset" 561
"../../../Engine/Plugins/Runtime/Oculus/OculusVR/Content/Materials/touchController_mat.uexp" 562
"../../../Engine/Plugins/Runtime/Oculus/OculusVR/Content/Meshes/LeftTouchController.uasset" 563
"../../../Engine/Plugins/Runtime/Oculus/OculusVR/Content/Meshes/LeftTouchController.uexp" 564
"../../../Engine/Plugins/Runtime/Oculus/OculusVR/Content/Textures/TouchForQuestRiftSController_albedo.uasset" 565
"../../../Engine/Plugins/Runtime/Oculus/OculusVR/Content/Textures/TouchForQuestRiftSController_albedo.uexp" 566
"../../../Engine/Plugins/Runtime/Oculus/OculusVR/Content/Textures/TouchForQuestRiftSController_albedo.ubulk" 567
"../../../Engine/Plugins/Runtime/Oculus/OculusVR/Content/Materials/TouchForQuestRiftSControllerMaterial.uasset" 568
"../../../Engine/Plugins/Runtime/Oculus/OculusVR/Content/Materials/TouchForQuestRiftSControllerMaterial.uexp" 569
"../../../Engine/Plugins/Runtime/Oculus/OculusVR/Content/Meshes/LeftTouchForQuestRiftSController.uasset" 570
"../../../Engine/Plugins/Runtime/Oculus/OculusVR/Content/Meshes/LeftTouchForQuestRiftSController.uexp" 571
"../../../Engine/Plugins/Runtime/Oculus/OculusVR/Content/Meshes/RiftHMD.uasset" 572
"../../../Engine/Plugins/Runtime/Oculus/OculusVR/Content/Meshes/RiftHMD.uexp" 573
"../../../Engine/Plugins/Runtime/Oculus/OculusVR/Content/Meshes/RightTouchController.uasset" 574
"../../../Engine/Plugins/Runtime/Oculus/OculusVR/Content/Meshes/RightTouchController.uexp" 575
"../../../Engine/Plugins/Runtime/Oculus/OculusVR/Content/Meshes/RightTouchForQuestRiftSController.uasset" 576
"../../../Engine/Plugins/Runtime/Oculus/OculusVR/Content/Meshes/RightTouchForQuestRiftSController.uexp" 577
"../../../Engine/Content/MapTemplates/SM_Template_Map_Floor.uasset" 578
"../../../Engine/Content/MapTemplates/SM_Template_Map_Floor.uexp" 579
"../../../Engine/Content/EngineSky/T_Sky_Stars.uasset" 580
"../../../Engine/Content/EngineSky/T_Sky_Stars.uexp" 581
"../../../Engine/Content/EngineSky/T_Sky_Stars.ubulk" 582
"../../../Engine/Content/EngineSky/T_Sky_Clouds_M.uasset" 583
"../../../Engine/Content/EngineSky/T_Sky_Clouds_M.uexp" 584
"../../../Engine/Content/EngineSky/T_Sky_Clouds_M.ubulk" 585
"../../../Engine/Content/EngineSky/T_Sky_Blue.uasset" 586
"../../../Engine/Content/EngineSky/T_Sky_Blue.uexp" 587
"../../../Engine/Content/EngineSky/T_Sky_Blue.ubulk" 588
"../../../Engine/Content/EngineSky/M_Sky_Panning_Clouds2.uasset" 589
"../../../Engine/Content/EngineSky/M_Sky_Panning_Clouds2.uexp" 590
"C:/Users/Cedric/Desktop/Github Files/GDINFMG_Kyce_Sedesa/Content/Cesarlvl_BuiltData.uasset" 591
"C:/Users/Cedric/Desktop/Github Files/GDINFMG_Kyce_Sedesa/Content/Cesarlvl_BuiltData.uexp" 592
"C:/Users/Cedric/Desktop/Github Files/GDINFMG_Kyce_Sedesa/Content/Cesarlvl_BuiltData.ubulk" 593
"../../../Engine/Content/EngineSky/SM_SkySphere.uasset" 594
"../../../Engine/Content/EngineSky/SM_SkySphere.uexp" 595
"../../../Engine/Content/EngineSky/C_Sky_Zenith_Color.uasset" 596
"../../../Engine/Content/EngineSky/C_Sky_Zenith_Color.uexp" 597
"../../../Engine/Content/EngineSky/C_Sky_Horizon_Color.uasset" 598
"../../../Engine/Content/EngineSky/C_Sky_Horizon_Color.uexp" 599
"../../../Engine/Content/EngineSky/C_Sky_Cloud_Color.uasset" 600
"../../../Engine/Content/EngineSky/C_Sky_Cloud_Color.uexp" 601
"../../../Engine/Content/EngineSky/BP_Sky_Sphere.uasset" 602
"../../../Engine/Content/EngineSky/BP_Sky_Sphere.uexp" 603
"C:/Users/Cedric/Desktop/Github Files/GDINFMG_Kyce_Sedesa/Content/Cesarlvl.uexp" 604
"C:/Users/Cedric/Desktop/Github Files/GDINFMG_Kyce_Sedesa/Content/Cesarlvl.umap" 605
"C:/Users/Cedric/Desktop/Github Files/GDINFMG_Kyce_Sedesa/Content/DeniseLevel_BuiltData.uasset" 606
"C:/Users/Cedric/Desktop/Github Files/GDINFMG_Kyce_Sedesa/Content/DeniseLevel_BuiltData.uexp" 607
"C:/Users/Cedric/Desktop/Github Files/GDINFMG_Kyce_Sedesa/Content/DeniseLevel_BuiltData.ubulk" 608
"C:/Users/Cedric/Desktop/Github Files/GDINFMG_Kyce_Sedesa/Content/DeniseLevel.uexp" 609
"C:/Users/Cedric/Desktop/Github Files/GDINFMG_Kyce_Sedesa/Content/DeniseLevel.umap" 610
"C:/Users/Cedric/Desktop/Github Files/GDINFMG_Kyce_Sedesa/Content/UI/RegisterItem.uasset" 611
"C:/Users/Cedric/Desktop/Github Files/GDINFMG_Kyce_Sedesa/Content/UI/RegisterItem.uexp" 612
"C:/Users/Cedric/Desktop/Github Files/GDINFMG_Kyce_Sedesa/Content/UI/BGM_-_Saint_Heaven_3_0_song___Dragon_Nest.uasset" 613
"C:/Users/Cedric/Desktop/Github Files/GDINFMG_Kyce_Sedesa/Content/UI/BGM_-_Saint_Heaven_3_0_song___Dragon_Nest.uexp" 614
"C:/Users/Cedric/Desktop/Github Files/GDINFMG_Kyce_Sedesa/Content/MainLevel_BuiltData.uasset" 615
"C:/Users/Cedric/Desktop/Github Files/GDINFMG_Kyce_Sedesa/Content/MainLevel_BuiltData.uexp" 616
"C:/Users/Cedric/Desktop/Github Files/GDINFMG_Kyce_Sedesa/Content/MainLevel.uexp" 617
"C:/Users/Cedric/Desktop/Github Files/GDINFMG_Kyce_Sedesa/Content/MainLevel.umap" 618
"C:/Users/Cedric/Desktop/Github Files/GDINFMG_Kyce_Sedesa/Content/NokLevel.uexp" 619
"C:/Users/Cedric/Desktop/Github Files/GDINFMG_Kyce_Sedesa/Content/NokLevel.umap" 620
"C:/Users/Cedric/Desktop/Github Files/GDINFMG_Kyce_Sedesa/Content/HttpService_Blueprint.uasset" 621
"C:/Users/Cedric/Desktop/Github Files/GDINFMG_Kyce_Sedesa/Content/HttpService_Blueprint.uexp" 622
"C:/Users/Cedric/Desktop/Github Files/GDINFMG_Kyce_Sedesa/Content/ShadLevel.uexp" 623
"C:/Users/Cedric/Desktop/Github Files/GDINFMG_Kyce_Sedesa/Content/ShadLevel.umap" 624
"../../../Engine/Content/Maps/Entry_BuiltData.uasset" 625
"../../../Engine/Content/Maps/Entry_BuiltData.uexp" 626
"../../../Engine/Content/Maps/Entry.uexp" 627
"../../../Engine/Content/Maps/Entry.umap" 628
